 THIS SOFTWARE AND ANY ACCOMPANYING DOCUMENTATION
 IS RELEASED "AS IS".  THE U.S. GOVERNMENT MAKES NO
 WARRANTY OF ANY KIND, EXPRESS OR IMPLIED, CONCERNING
 THIS SOFTWARE AND ANY ACCOMPANYING DOCUMENTATION,
 INCLUDING, WITHOUT LIMITATION, ANY WARRANTIES OF
 MERCHANTABILITY OR FITNESS FOR A PARTICULAR PURPOSE.
 IN NO EVENT WILL THE U.S. GOVERNMENT BE LIABLE FOR ANY
 DAMAGES, INCLUDING LOST PROFITS, LOST SAVINGS OR OTHER
 INCIDENTAL OR CONSEQUENTIAL DAMAGES ARISING OUT OF THE 
 USE, OR INABILITY TO USE, THIS SOFTWARE OR ANY
 ACCOMPANYING DOCUMENTATION, EVEN IF INFORMED IN ADVANCE
 OF THE POSSIBILITY OF SUCH DAMAGES.
  ****************************************************
  *    USAF STABILITY AND CONTROL  DIGITAL DATCOM    *
  *    PROGRAM REV. JAN 96   DIRECT INQUIRIES TO:    *
  *    WRIGHT LABORATORY  (WL/FIGC)  ATTN: W. BLAKE  *
  *      WRIGHT PATTERSON AFB, OHIO  45433           *
  *    PHONE (513) 255-6764,   FAX (513) 258-4054    *
  ****************************************************
 Preparing to start the big loop
 At 1000
1                         CONERR - INPUT ERROR CHECKING
0 ERROR CODES - N* DENOTES THE NUMBER OF OCCURENCES OF EACH ERROR
0 A - UNKNOWN VARIABLE NAME
0 B - MISSING EQUAL SIGN FOLLOWING VARIABLE NAME
0 C - NON-ARRAY VARIABLE HAS AN ARRAY ELEMENT DESIGNATION - (N)
0 D - NON-ARRAY VARIABLE HAS MULTIPLE VALUES ASSIGNED
0 E - ASSIGNED VALUES EXCEED ARRAY DIMENSION
0 F - SYNTAX ERROR

0******************************  INPUT DATA CARDS  ******************************

 NACA-W-6-65A112                                                                 
 NACA-H-6-65A010                                                                 
 NACA-V-6-65A010                                                                 
                                                                                    ** ERROR ** UNKNOWN NAMELIST NAME
  $FLTCON                                                                        
    NMACH=1.0,                                                                   
    MACH(1)=0.1,                                                                 
    NALPHA=20.0,                                                                 
    ALSCHD(1)=-40,-30,-20,-15,-10,-5,-2,0,2,5,10,15,20,25,30,35,40,45,50,55,        ** ERROR **  0*A  0*B  0*C  0*D  0*E 20*F
    NALT=1.0,                                                                    
    ALT(1)=0.0,                                                                  
    STMACH=0.9,                                                                  
    TSMACH=1.4,                                                                  
    WT=12000.0,                                                                  
    LOOP=1.0$                                                                    
  $OPTINS                                                                        
    ROUGFC=0.25E-3,                                                              
    BLREF=28.08,                                                                 
    SREF=176.75,                                                                 
    CBARR=6.29$                                                                  
  $SYNTHS                                                                        
    XCG=14.63,                                                                   
    ZCG=0.0,                                                                     
    XW=9.87,ZW=-1.04,                                                            
    ALIW=1.0,                                                                    
    XH=26.4,ZH=1.71,                                                             
    ALIH=0.0,                                                                    
    XV=20.93,ZV=0.0$                                                             
  $BODY NX=12.0,                                                                 
    X(1)=0.00,0.95,2.82,4.36,7.28,11.88,16.37,21.26,24.61,27.53,31.79,32.97,     
    S(1)=0.32,1.30,5.22,9.25,13.60,16.86,17.68,14.65,11.46,7.86,3.42,0.62$       
  $WGPLNF                                                                        
    CHRDTP=4.07,SSPNE=11.61,SSPN=14.0,                                           
    CHRDR=9.97,SAVSI=40.0,SAVSO=27.0,CHSTAT=0.25,                                
    TWISTA=2.0,DHDADI=1.30,TYPE=1.0$                                             
  $HTPLNF                                                                        
    CHRDTP=2.39,SSPNE=4.59,SSPN=6.07,CHRDR=3.48,SAVSI=33.0,                      
    CHSTAT=0.25,TYPE=1.0$                                                        
  $VTPLNF                                                                        
    CHRDTP=1.96,SSPNE=5.54,SSPN=8.0,CHRDR=10.43,SAVSI=42.0,                      
    CHSTAT=0.25,TYPE=1.0$                                                        
                                                                                    ** ERROR ** NO NAMELIST NAME FOLLOWING $ 
 DERIV DEG                                                                       
 DIM FT                                                                          
1          THE FOLLOWING IS A LIST OF ALL INPUT CARDS FOR THIS CASE.
0
 NACA-W-6-65A112                                                                 
 NACA-H-6-65A010                                                                 
 NACA-V-6-65A010                                                                 
                                                                                 
  $FLTCON                                                                        
    NMACH=1.0,                                                                   
    MACH(1)=0.1,                                                                 
    NALPHA=20.0,                                                                 
    ALSCHD(1)=-40,-30,-20,-15,-10,-5,-2,0,2,5,10,15,20,25,30,35,40,45,50,55,     
    NALT=1.0,                                                                    
    ALT(1)=0.0,                                                                  
    STMACH=0.9,                                                                  
    TSMACH=1.4,                                                                  
    WT=12000.0,                                                                  
    LOOP=1.0$                                                                    
  $OPTINS                                                                        
    ROUGFC=0.25E-3,                                                              
    BLREF=28.08,                                                                 
    SREF=176.75,                                                                 
    CBARR=6.29$                                                                  
  $SYNTHS                                                                        
    XCG=14.63,                                                                   
    ZCG=0.0,                                                                     
    XW=9.87,ZW=-1.04,                                                            
    ALIW=1.0,                                                                    
    XH=26.4,ZH=1.71,                                                             
    ALIH=0.0,                                                                    
    XV=20.93,ZV=0.0$                                                             
  $BODY NX=12.0,                                                                 
    X(1)=0.00,0.95,2.82,4.36,7.28,11.88,16.37,21.26,24.61,27.53,31.79,32.97,     
    S(1)=0.32,1.30,5.22,9.25,13.60,16.86,17.68,14.65,11.46,7.86,3.42,0.62$       
  $WGPLNF                                                                        
    CHRDTP=4.07,SSPNE=11.61,SSPN=14.0,                                           
    CHRDR=9.97,SAVSI=40.0,SAVSO=27.0,CHSTAT=0.25,                                
    TWISTA=2.0,DHDADI=1.30,TYPE=1.0$                                             
  $HTPLNF                                                                        
    CHRDTP=2.39,SSPNE=4.59,SSPN=6.07,CHRDR=3.48,SAVSI=33.0,                      
    CHSTAT=0.25,TYPE=1.0$                                                        
  $VTPLNF                                                                        
    CHRDTP=1.96,SSPNE=5.54,SSPN=8.0,CHRDR=10.43,SAVSI=42.0,                      
    CHSTAT=0.25,TYPE=1.0$                                                        
                                                                                 
 DERIV DEG                                                                       
 DIM FT                                                                          
0 INPUT DIMENSIONS ARE IN FT, SCALE FACTOR IS 1.0000

 Return to main program from M01O01
1                             AUTOMATED STABILITY AND CONTROL METHODS PER APRIL 1976 VERSION OF DATCOM   
                                                        WING SECTION DEFINITION
0                                 IDEAL ANGLE OF ATTACK =   0.00000 DEG.

                              ZERO LIFT ANGLE OF ATTACK =  -0.77655 DEG.

                                 IDEAL LIFT COEFFICIENT =   0.10000

                  ZERO LIFT PITCHING MOMENT COEFFICIENT =  -0.02178

                             MACH ZERO LIFT-CURVE-SLOPE =   0.09448 /DEG.

                                    LEADING EDGE RADIUS =   0.00993 FRACTION CHORD

                              MAXIMUM AIRFOIL THICKNESS =   0.12000 FRACTION CHORD

                                                DELTA-Y =   2.51162 PERCENT CHORD


0                         MACH= 0.1000 LIFT-CURVE-SLOPE =   0.09490 /DEG.      XAC =   0.26605
1                             AUTOMATED STABILITY AND CONTROL METHODS PER APRIL 1976 VERSION OF DATCOM   
                                                   HORIZONTAL TAIL SECTION DEFINITION
0                                 IDEAL ANGLE OF ATTACK =   0.00000 DEG.

                              ZERO LIFT ANGLE OF ATTACK =  -0.00000 DEG.

                                 IDEAL LIFT COEFFICIENT =   0.00000

                  ZERO LIFT PITCHING MOMENT COEFFICIENT =   0.00000

                             MACH ZERO LIFT-CURVE-SLOPE =   0.09629 /DEG.

                                    LEADING EDGE RADIUS =   0.00690 FRACTION CHORD

                              MAXIMUM AIRFOIL THICKNESS =   0.10000 FRACTION CHORD

                                                DELTA-Y =   2.09333 PERCENT CHORD


0                         MACH= 0.1000 LIFT-CURVE-SLOPE =   0.09673 /DEG.      XAC =   0.26327
1                             AUTOMATED STABILITY AND CONTROL METHODS PER APRIL 1976 VERSION OF DATCOM   
                                                    VERTICAL TAIL SECTION DEFINITION
0                                 IDEAL ANGLE OF ATTACK =   0.00000 DEG.

                              ZERO LIFT ANGLE OF ATTACK =  -0.00000 DEG.

                                 IDEAL LIFT COEFFICIENT =   0.00000

                  ZERO LIFT PITCHING MOMENT COEFFICIENT =   0.00000

                             MACH ZERO LIFT-CURVE-SLOPE =   0.09629 /DEG.

                                    LEADING EDGE RADIUS =   0.00690 FRACTION CHORD

                              MAXIMUM AIRFOIL THICKNESS =   0.10000 FRACTION CHORD

                                                DELTA-Y =   2.09333 PERCENT CHORD


0                         MACH= 0.1000 LIFT-CURVE-SLOPE =   0.09673 /DEG.      XAC =   0.26327
 Return to main program from M50O62
 Return to main program from M02O02
 Return to main program from M51O63
1                               AUTOMATED STABILITY AND CONTROL METHODS PER APRIL 1976 VERSION OF DATCOM
                                         CHARACTERISTICS AT ANGLE OF ATTACK AND IN SIDESLIP
                                        WING-BODY-VERTICAL TAIL-HORIZONTAL TAIL CONFIGURATION
 
 -----------------------  FLIGHT CONDITIONS  ------------------------           --------------  REFERENCE DIMENSIONS  ------------
  MACH    ALTITUDE   VELOCITY    PRESSURE    TEMPERATURE     REYNOLDS             REF.      REFERENCE LENGTH   MOMENT REF. CENTER
 NUMBER                                                       NUMBER              AREA       LONG.     LAT.     HORIZ      VERT
             FT       FT/SEC     LB/FT**2       DEG R         1/FT               FT**2        FT        FT        FT        FT
0 0.100       0.00     111.63   2.1162E+03     518.670     7.0682E+05           176.750      6.290    28.080    14.630     0.000
0                                                               -------------------DERIVATIVE (PER DEGREE)-------------------
0 ALPHA     CD       CL       CM       CN       CA       XCP        CLA          CMA          CYB          CNB          CLB
0
  -40.0    0.237   -1.633    1.4639  -1.403   -0.868   -1.043    1.182E-04    1.586E-01   -1.291E-02    3.238E-03    2.534E-03
  -30.0    0.210   -1.526    0.7934  -1.426   -0.581   -0.556    1.684E-02   -3.553E-02                              2.731E-03
  -20.0    0.153   -1.296    0.7533  -1.270   -0.300   -0.593    5.038E-02   -2.061E-02                              2.677E-03
  -15.0    0.094   -0.976    0.6087  -0.967   -0.162   -0.630    7.072E-02   -3.693E-02                              1.792E-03
  -10.0    0.046   -0.589    0.3839  -0.588   -0.057   -0.653    7.594E-02   -4.561E-02                              5.803E-04
   -5.0    0.023   -0.216    0.1526  -0.217    0.004   -0.702    7.155E-02   -4.434E-02                             -5.785E-04
   -2.0    0.019   -0.007    0.0230  -0.008    0.019   -3.040    6.997E-02   -4.210E-02                             -1.205E-03
    0.0    0.021    0.133   -0.0597   0.133    0.021   -0.448    7.134E-02   -4.107E-02                             -1.625E-03
    2.0    0.026    0.278   -0.1413   0.279    0.016   -0.506    7.367E-02   -4.076E-02                             -2.067E-03
    5.0    0.040    0.504   -0.2635   0.506   -0.004   -0.521    7.615E-02   -4.193E-02                             -2.769E-03
   10.0    0.084    0.892   -0.4830   0.893   -0.072   -0.541    7.139E-02   -4.217E-02                             -3.990E-03
   15.0    0.140    1.218   -0.6852   1.213   -0.180   -0.565    5.141E-02   -3.959E-02                             -4.913E-03
   20.0    0.181    1.406   -0.8789   1.383   -0.311   -0.635    2.197E-02   -2.774E-02                             -5.188E-03
   25.0    0.192    1.438   -0.9625   1.385   -0.433   -0.695   -2.066E-02   -8.532E-03                             -4.768E-03
   30.0    0.154    1.200   -0.9642   1.116   -0.466   -0.864   -4.842E-02    1.592E-02                             -2.932E-03
   35.0    0.121    0.954   -0.8033   0.850   -0.448   -0.945   -4.078E-02    3.773E-02                             -1.407E-03
   40.0    0.098    0.792   -0.5869   0.669   -0.434   -0.877   -2.103E-02    2.908E-02                             -4.675E-04
   45.0    0.095    0.744   -0.5125   0.593   -0.459   -0.864   -7.194E-03    1.233E-02                              1.222E-04
   50.0    0.095    0.720   -0.4636   0.536   -0.490   -0.866   -3.529E-03    6.762E-03                              6.017E-04
   55.0    0.102    0.708   -0.4449   0.490   -0.522   -0.909   -1.156E-03    7.345E-04                              9.950E-04
0                                    ALPHA     Q/QINF    EPSLON  D(EPSLON)/D(ALPHA)
0
                                    -40.0      1.000     -7.182       -0.276
                                    -30.0      1.000     -9.944       -0.118
                                    -20.0      1.000     -9.544        0.317
                                    -15.0      1.000     -7.265        0.517
                                    -10.0      1.000     -4.371        0.585
                                     -5.0      1.000     -1.420        0.585
                                     -2.0      1.000      0.326        0.591
                                      0.0      1.000      1.520        0.611
                                      2.0      1.000      2.768        0.635
                                      5.0      1.000      4.721        0.663
                                     10.0      1.000      8.140        0.665
                                     15.0      1.000     11.370        0.606
                                     20.0      1.000     14.203        0.484
                                     25.0      0.900     16.208       -0.082
                                     30.0      1.000     13.386       -0.614
                                     35.0      1.000     10.069       -0.683
                                     40.0      1.000      6.553       -0.672
                                     45.0      1.000      3.346       -0.655
                                     50.0      1.000      0.000       -0.335
                                     55.0      1.000      0.000        0.000
0*** VEHICLE WEIGHT =  12000.00 LB.
0*** LEVEL FLIGHT LIFT COEFFICIENT = 4.58311
 Return to main program from M57O71
1 END OF JOB.
